{"name": "test_CredKart_Registration04", "status": "failed", "statusDetails": {"message": "AssertionError: assert False", "trace": "self = <testCases.test_Credkart_Registration04.Test_CredKart_Registration object at 0x0000020461B66750>\nsetup = <selenium.webdriver.chrome.webdriver.WebDriver (session=\"df10c8091114366727609ffa275494cf\")>\n\n    @pytest.mark.sanity\n    def test_CredKart_Registration04(self, setup):\n        self.log.info(\"Testcase test_CredKart_Registration04 is started\")\n        self.log.info(\"Opening browser\")\n        self.driver = setup\n        self.reg = Registration_Class(self.driver)\n        self.log.info(\"Click On Register Link\")\n        self.reg.Click_Registration_Link()\n        self.log.info(\"Enter Name\")\n        self.reg.Enter_Name(\"Credence\")\n        self.log.info(\"Enter Email\")\n        self.reg.Enter_Email(\"12may2024@gmail.com\")\n        self.log.info(\"Enter Password\")\n        self.reg.Enter_Password(\"Test@123\")\n        self.log.info(\"Enter Confirm Password\")\n        self.reg.Enter_ConfirmPassword(\"Test@123\")\n        self.log.info(\"Click register button\")\n        self.reg.Click_Register_Button()\n        self.lg = Login_Class(self.driver)\n        self.log.info(\"Verifying the registration stauts\")\n        if self.lg.Verify_Login_Status() == \"Pass\":\n            self.log.info(\"Taking screenshot\")\n            self.driver.save_screenshot(\".\\\\Screenshots\\\\test_CredKart_Registration04_pass.PNG\")\n            self.log.info(\"Testcase test_CredKart_Registration04 is Pass\")\n            assert True\n        else:\n            self.log.info(\"Testcase test_CredKart_Registration04 is Fail\")\n            self.log.info(\"Taking screenshot\")\n            self.driver.save_screenshot(\".\\\\Screenshots\\\\test_CredKart_Registration04_fail.PNG\")\n>           assert False\nE           assert False\n\ntestCases\\test_Credkart_Registration04.py:40: AssertionError"}, "attachments": [{"name": "log", "source": "353a2f4a-e333-4c73-add5-6f9086ed5273-attachment.txt", "type": "text/plain"}, {"name": "stdout", "source": "36dac581-513d-43e1-b727-dd669388812d-attachment.txt", "type": "text/plain"}], "start": 1717297873518, "stop": 1717297882505, "uuid": "50321a53-2e64-4ed9-9b25-0ab80cf401de", "historyId": "8268603df0faa47dd779fd2f2c777b33", "testCaseId": "8268603df0faa47dd779fd2f2c777b33", "fullName": "testCases.test_Credkart_Registration04.Test_CredKart_Registration#test_CredKart_Registration04", "labels": [{"name": "tag", "value": "sanity"}, {"name": "parentSuite", "value": "testCases"}, {"name": "suite", "value": "test_Credkart_Registration04"}, {"name": "subSuite", "value": "Test_CredKart_Registration"}, {"name": "host", "value": "Tushar-Pc"}, {"name": "thread", "value": "17228-MainThread"}, {"name": "framework", "value": "pytest"}, {"name": "language", "value": "cpython3"}, {"name": "package", "value": "testCases.test_Credkart_Registration04"}]}